<?xml version="1.0" encoding="UTF-8"?>
<coverage generated="1650795749251" clover="3.2.0">
  <project timestamp="1650795749251" name="All files">
    <metrics statements="2" coveredstatements="0" conditionals="0" coveredconditionals="0" methods="0" coveredmethods="0" elements="2" coveredelements="0" complexity="0" loc="2" ncloc="2" packages="1" files="1" classes="1"/>
    <file name="miscStylingHooks.js" path="/Users/cb-it-01-1385/work/lwc-test/force-app/main/default/lwc/miscStylingHooks/miscStylingHooks.js">
      <metrics statements="2" coveredstatements="0" conditionals="0" coveredconditionals="0" methods="0" coveredmethods="0"/>
      <line num="1" count="0" type="stmt"/>
      <line num="3" count="0" type="stmt"/>
    </file>
  </project>
</coverage>
